/home/yk/medical-heuristic-learning/contrast1/run_contrast1.py:50: Pandas4Warning: is_categorical_dtype is deprecated and will be removed in a future version. Use isinstance(dtype, pd.CategoricalDtype) instead
  if pd.api.types.is_categorical_dtype(s):
/home/yk/medical-heuristic-learning/contrast1/run_contrast1.py:50: Pandas4Warning: is_categorical_dtype is deprecated and will be removed in a future version. Use isinstance(dtype, pd.CategoricalDtype) instead
  if pd.api.types.is_categorical_dtype(s):
/home/yk/medical-heuristic-learning/contrast1/run_contrast1.py:50: Pandas4Warning: is_categorical_dtype is deprecated and will be removed in a future version. Use isinstance(dtype, pd.CategoricalDtype) instead
  if pd.api.types.is_categorical_dtype(s):
/home/yk/medical-heuristic-learning/contrast1/run_contrast1.py:50: Pandas4Warning: is_categorical_dtype is deprecated and will be removed in a future version. Use isinstance(dtype, pd.CategoricalDtype) instead
  if pd.api.types.is_categorical_dtype(s):
/home/yk/medical-heuristic-learning/contrast1/run_contrast1.py:50: Pandas4Warning: is_categorical_dtype is deprecated and will be removed in a future version. Use isinstance(dtype, pd.CategoricalDtype) instead
  if pd.api.types.is_categorical_dtype(s):
/home/yk/medical-heuristic-learning/contrast1/run_contrast1.py:50: Pandas4Warning: is_categorical_dtype is deprecated and will be removed in a future version. Use isinstance(dtype, pd.CategoricalDtype) instead
  if pd.api.types.is_categorical_dtype(s):
/home/yk/medical-heuristic-learning/.venv/lib/python3.11/site-packages/sklearn/neural_network/_multilayer_perceptron.py:695: UserWarning: Got `batch_size` less than 1 or larger than sample size. It is going to be clipped
  warnings.warn(
/home/yk/medical-heuristic-learning/.venv/lib/python3.11/site-packages/sklearn/neural_network/_multilayer_perceptron.py:695: UserWarning: Got `batch_size` less than 1 or larger than sample size. It is going to be clipped
  warnings.warn(
/home/yk/medical-heuristic-learning/.venv/lib/python3.11/site-packages/sklearn/neural_network/_multilayer_perceptron.py:695: UserWarning: Got `batch_size` less than 1 or larger than sample size. It is going to be clipped
  warnings.warn(
/home/yk/medical-heuristic-learning/contrast1/run_contrast1.py:50: Pandas4Warning: is_categorical_dtype is deprecated and will be removed in a future version. Use isinstance(dtype, pd.CategoricalDtype) instead
  if pd.api.types.is_categorical_dtype(s):
/home/yk/medical-heuristic-learning/contrast1/run_contrast1.py:50: Pandas4Warning: is_categorical_dtype is deprecated and will be removed in a future version. Use isinstance(dtype, pd.CategoricalDtype) instead
  if pd.api.types.is_categorical_dtype(s):
/home/yk/medical-heuristic-learning/contrast1/run_contrast1.py:50: Pandas4Warning: is_categorical_dtype is deprecated and will be removed in a future version. Use isinstance(dtype, pd.CategoricalDtype) instead
  if pd.api.types.is_categorical_dtype(s):
/home/yk/medical-heuristic-learning/contrast1/run_contrast1.py:50: Pandas4Warning: is_categorical_dtype is deprecated and will be removed in a future version. Use isinstance(dtype, pd.CategoricalDtype) instead
  if pd.api.types.is_categorical_dtype(s):
/home/yk/medical-heuristic-learning/contrast1/run_contrast1.py:50: Pandas4Warning: is_categorical_dtype is deprecated and will be removed in a future version. Use isinstance(dtype, pd.CategoricalDtype) instead
  if pd.api.types.is_categorical_dtype(s):
/home/yk/medical-heuristic-learning/.venv/lib/python3.11/site-packages/sklearn/neural_network/_multilayer_perceptron.py:695: UserWarning: Got `batch_size` less than 1 or larger than sample size. It is going to be clipped
  warnings.warn(
/home/yk/medical-heuristic-learning/.venv/lib/python3.11/site-packages/sklearn/utils/validation.py:2691: UserWarning: X does not have valid feature names, but LGBMClassifier was fitted with feature names
  warnings.warn(
/home/yk/medical-heuristic-learning/.venv/lib/python3.11/site-packages/sklearn/neural_network/_multilayer_perceptron.py:695: UserWarning: Got `batch_size` less than 1 or larger than sample size. It is going to be clipped
  warnings.warn(
/home/yk/medical-heuristic-learning/contrast1/run_contrast1.py:50: Pandas4Warning: is_categorical_dtype is deprecated and will be removed in a future version. Use isinstance(dtype, pd.CategoricalDtype) instead
  if pd.api.types.is_categorical_dtype(s):
/home/yk/medical-heuristic-learning/.venv/lib/python3.11/site-packages/sklearn/neural_network/_multilayer_perceptron.py:695: UserWarning: Got `batch_size` less than 1 or larger than sample size. It is going to be clipped
  warnings.warn(
/home/yk/medical-heuristic-learning/.venv/lib/python3.11/site-packages/sklearn/utils/validation.py:2691: UserWarning: X does not have valid feature names, but LGBMClassifier was fitted with feature names
  warnings.warn(
/home/yk/medical-heuristic-learning/.venv/lib/python3.11/site-packages/sklearn/utils/validation.py:2691: UserWarning: X does not have valid feature names, but LGBMClassifier was fitted with feature names
  warnings.warn(
/home/yk/medical-heuristic-learning/.venv/lib/python3.11/site-packages/sklearn/utils/validation.py:2691: UserWarning: X does not have valid feature names, but LGBMClassifier was fitted with feature names
  warnings.warn(
/home/yk/medical-heuristic-learning/.venv/lib/python3.11/site-packages/sklearn/utils/validation.py:2691: UserWarning: X does not have valid feature names, but LGBMClassifier was fitted with feature names
  warnings.warn(
/home/yk/medical-heuristic-learning/.venv/lib/python3.11/site-packages/sklearn/utils/validation.py:2691: UserWarning: X does not have valid feature names, but LGBMClassifier was fitted with feature names
  warnings.warn(
/home/yk/medical-heuristic-learning/.venv/lib/python3.11/site-packages/sklearn/utils/validation.py:2691: UserWarning: X does not have valid feature names, but LGBMClassifier was fitted with feature names
  warnings.warn(
/home/yk/medical-heuristic-learning/.venv/lib/python3.11/site-packages/sklearn/utils/validation.py:2691: UserWarning: X does not have valid feature names, but LGBMClassifier was fitted with feature names
  warnings.warn(
/home/yk/medical-heuristic-learning/.venv/lib/python3.11/site-packages/sklearn/utils/validation.py:2691: UserWarning: X does not have valid feature names, but LGBMClassifier was fitted with feature names
  warnings.warn(
/home/yk/medical-heuristic-learning/.venv/lib/python3.11/site-packages/sklearn/utils/validation.py:2691: UserWarning: X does not have valid feature names, but LGBMClassifier was fitted with feature names
  warnings.warn(
/home/yk/medical-heuristic-learning/.venv/lib/python3.11/site-packages/sklearn/utils/validation.py:2691: UserWarning: X does not have valid feature names, but LGBMClassifier was fitted with feature names
  warnings.warn(
/home/yk/medical-heuristic-learning/.venv/lib/python3.11/site-packages/sklearn/utils/validation.py:2691: UserWarning: X does not have valid feature names, but LGBMClassifier was fitted with feature names
  warnings.warn(
/home/yk/medical-heuristic-learning/contrast1/run_contrast1.py:50: Pandas4Warning: is_categorical_dtype is deprecated and will be removed in a future version. Use isinstance(dtype, pd.CategoricalDtype) instead
  if pd.api.types.is_categorical_dtype(s):
/home/yk/medical-heuristic-learning/contrast1/run_contrast1.py:525: UserWarning: enable_nested_tensor is True, but self.use_nested_tensor is False because encoder_layer.norm_first was True
  self.encoder = torch.nn.TransformerEncoder(enc_layer, num_layers=n_layers)
/home/yk/medical-heuristic-learning/contrast1/run_contrast1.py:50: Pandas4Warning: is_categorical_dtype is deprecated and will be removed in a future version. Use isinstance(dtype, pd.CategoricalDtype) instead
  if pd.api.types.is_categorical_dtype(s):
/home/yk/medical-heuristic-learning/contrast1/run_contrast1.py:525: UserWarning: enable_nested_tensor is True, but self.use_nested_tensor is False because encoder_layer.norm_first was True
  self.encoder = torch.nn.TransformerEncoder(enc_layer, num_layers=n_layers)
/home/yk/medical-heuristic-learning/contrast1/run_contrast1.py:50: Pandas4Warning: is_categorical_dtype is deprecated and will be removed in a future version. Use isinstance(dtype, pd.CategoricalDtype) instead
  if pd.api.types.is_categorical_dtype(s):
/home/yk/medical-heuristic-learning/contrast1/run_contrast1.py:525: UserWarning: enable_nested_tensor is True, but self.use_nested_tensor is False because encoder_layer.norm_first was True
  self.encoder = torch.nn.TransformerEncoder(enc_layer, num_layers=n_layers)
/home/yk/medical-heuristic-learning/contrast1/run_contrast1.py:50: Pandas4Warning: is_categorical_dtype is deprecated and will be removed in a future version. Use isinstance(dtype, pd.CategoricalDtype) instead
  if pd.api.types.is_categorical_dtype(s):
/home/yk/medical-heuristic-learning/contrast1/run_contrast1.py:525: UserWarning: enable_nested_tensor is True, but self.use_nested_tensor is False because encoder_layer.norm_first was True
  self.encoder = torch.nn.TransformerEncoder(enc_layer, num_layers=n_layers)
/home/yk/medical-heuristic-learning/contrast1/run_contrast1.py:50: Pandas4Warning: is_categorical_dtype is deprecated and will be removed in a future version. Use isinstance(dtype, pd.CategoricalDtype) instead
  if pd.api.types.is_categorical_dtype(s):
/home/yk/medical-heuristic-learning/contrast1/run_contrast1.py:525: UserWarning: enable_nested_tensor is True, but self.use_nested_tensor is False because encoder_layer.norm_first was True
  self.encoder = torch.nn.TransformerEncoder(enc_layer, num_layers=n_layers)
/home/yk/medical-heuristic-learning/contrast1/run_contrast1.py:50: Pandas4Warning: is_categorical_dtype is deprecated and will be removed in a future version. Use isinstance(dtype, pd.CategoricalDtype) instead
  if pd.api.types.is_categorical_dtype(s):
/home/yk/medical-heuristic-learning/contrast1/run_contrast1.py:525: UserWarning: enable_nested_tensor is True, but self.use_nested_tensor is False because encoder_layer.norm_first was True
  self.encoder = torch.nn.TransformerEncoder(enc_layer, num_layers=n_layers)
/home/yk/medical-heuristic-learning/contrast1/run_contrast1.py:50: Pandas4Warning: is_categorical_dtype is deprecated and will be removed in a future version. Use isinstance(dtype, pd.CategoricalDtype) instead
  if pd.api.types.is_categorical_dtype(s):
/home/yk/medical-heuristic-learning/contrast1/run_contrast1.py:525: UserWarning: enable_nested_tensor is True, but self.use_nested_tensor is False because encoder_layer.norm_first was True
  self.encoder = torch.nn.TransformerEncoder(enc_layer, num_layers=n_layers)
/home/yk/medical-heuristic-learning/contrast1/run_contrast1.py:50: Pandas4Warning: is_categorical_dtype is deprecated and will be removed in a future version. Use isinstance(dtype, pd.CategoricalDtype) instead
  if pd.api.types.is_categorical_dtype(s):
/home/yk/medical-heuristic-learning/contrast1/run_contrast1.py:525: UserWarning: enable_nested_tensor is True, but self.use_nested_tensor is False because encoder_layer.norm_first was True
  self.encoder = torch.nn.TransformerEncoder(enc_layer, num_layers=n_layers)
/home/yk/medical-heuristic-learning/contrast1/run_contrast1.py:50: Pandas4Warning: is_categorical_dtype is deprecated and will be removed in a future version. Use isinstance(dtype, pd.CategoricalDtype) instead
  if pd.api.types.is_categorical_dtype(s):
/home/yk/medical-heuristic-learning/contrast1/run_contrast1.py:525: UserWarning: enable_nested_tensor is True, but self.use_nested_tensor is False because encoder_layer.norm_first was True
  self.encoder = torch.nn.TransformerEncoder(enc_layer, num_layers=n_layers)
/home/yk/medical-heuristic-learning/contrast1/run_contrast1.py:50: Pandas4Warning: is_categorical_dtype is deprecated and will be removed in a future version. Use isinstance(dtype, pd.CategoricalDtype) instead
  if pd.api.types.is_categorical_dtype(s):
/home/yk/medical-heuristic-learning/contrast1/run_contrast1.py:525: UserWarning: enable_nested_tensor is True, but self.use_nested_tensor is False because encoder_layer.norm_first was True
  self.encoder = torch.nn.TransformerEncoder(enc_layer, num_layers=n_layers)
/home/yk/medical-heuristic-learning/contrast1/run_contrast1.py:50: Pandas4Warning: is_categorical_dtype is deprecated and will be removed in a future version. Use isinstance(dtype, pd.CategoricalDtype) instead
  if pd.api.types.is_categorical_dtype(s):
/home/yk/medical-heuristic-learning/contrast1/run_contrast1.py:525: UserWarning: enable_nested_tensor is True, but self.use_nested_tensor is False because encoder_layer.norm_first was True
  self.encoder = torch.nn.TransformerEncoder(enc_layer, num_layers=n_layers)
/home/yk/medical-heuristic-learning/contrast1/run_contrast1.py:50: Pandas4Warning: is_categorical_dtype is deprecated and will be removed in a future version. Use isinstance(dtype, pd.CategoricalDtype) instead
  if pd.api.types.is_categorical_dtype(s):
/home/yk/medical-heuristic-learning/contrast1/run_contrast1.py:525: UserWarning: enable_nested_tensor is True, but self.use_nested_tensor is False because encoder_layer.norm_first was True
  self.encoder = torch.nn.TransformerEncoder(enc_layer, num_layers=n_layers)
